[2026-04-29T11:38:35.395Z] SEARCH: Yogesh Meena (69f1cef4e005c4200e3a6d0b) looking for coding-battles
[2026-04-29T11:38:35.762Z] CREATE: Yogesh Meena creating new room for coding-battles
[2026-04-29T11:38:40.007Z] SEARCH: Yogesh Meena (69f1cef4e005c4200e3a6d0b) looking for coding-battles
[2026-04-29T11:38:40.082Z] WAIT: Yogesh Meena is already waiting in room 69f1edbbc6280a2d20602ba7
[2026-04-29T11:39:49.973Z] SEARCH: Yogesh Meena (69f1cef4e005c4200e3a6d0b) looking for coding-battles
[2026-04-29T11:39:50.056Z] WAIT: Yogesh Meena is already waiting in room 69f1edbbc6280a2d20602ba7
[2026-04-29T11:58:06.282Z] SEARCH: Yogesh Meena (69f1cef4e005c4200e3a6d0b) looking for coding-battles
[2026-04-29T11:58:06.388Z] CREATE: Yogesh Meena creating new room for coding-battles
[2026-04-29T12:06:17.961Z] SEARCH: Yogesh Meena (69f1cef4e005c4200e3a6d0b) looking for coding-battles
[2026-04-29T12:06:18.037Z] CREATE: Yogesh Meena creating new room for coding-battles
[2026-04-29T12:07:03.527Z] SEARCH: john (69f1e70ac6280a2d20602272) looking for coding-battles
[2026-04-29T12:07:03.680Z] JOIN: john found room 69f1f43ae96770c9a140a5f9 created by Yogesh Meena
[2026-04-29T12:07:03.808Z] SUCCESS: Room 69f1f43ae96770c9a140a5f9 is now LIVE
[2026-04-29T12:17:03.338Z] SEARCH: john (69f1e70ac6280a2d20602272) looking for coding-battles
[2026-04-29T12:17:03.407Z] CREATE: john creating new room for coding-battles
[2026-04-29T12:17:06.910Z] SEARCH: john (69f1e70ac6280a2d20602272) looking for coding-battles
[2026-04-29T12:17:06.955Z] WAIT: john is already waiting in room 69f1f6bfe96770c9a140a6a1
[2026-04-29T12:17:18.796Z] SEARCH: john (69f1e70ac6280a2d20602272) looking for coding-battles
[2026-04-29T12:17:18.878Z] WAIT: john is already waiting in room 69f1f6bfe96770c9a140a6a1
[2026-04-29T12:17:20.071Z] SEARCH: john (69f1e70ac6280a2d20602272) looking for coding-battles
[2026-04-29T12:17:20.150Z] WAIT: john is already waiting in room 69f1f6bfe96770c9a140a6a1
[2026-04-29T12:17:46.876Z] SEARCH: john (69f1e70ac6280a2d20602272) looking for coding-battles
[2026-04-29T12:17:47.063Z] WAIT: john is already waiting in room 69f1f6bfe96770c9a140a6a1
[2026-04-29T12:17:53.953Z] SEARCH: john (69f1e70ac6280a2d20602272) looking for coding-battles
[2026-04-29T12:17:54.011Z] WAIT: john is already waiting in room 69f1f6bfe96770c9a140a6a1
[2026-04-29T12:20:25.520Z] SEARCH: Yogesh Meena (69f1cef4e005c4200e3a6d0b) looking for coding-battles
[2026-04-29T12:20:25.574Z] JOIN: Yogesh Meena found room 69f1f6bfe96770c9a140a6a1 created by john
[2026-04-29T12:20:25.707Z] SUCCESS: Room 69f1f6bfe96770c9a140a6a1 is now LIVE
[2026-04-29T12:20:32.124Z] SEARCH: Yogesh Meena (69f1cef4e005c4200e3a6d0b) looking for coding-battles
[2026-04-29T12:20:32.247Z] CREATE: Yogesh Meena creating new room for coding-battles
[2026-04-29T12:20:51.813Z] SEARCH: Yogesh Meena (69f1cef4e005c4200e3a6d0b) looking for coding-battles
[2026-04-29T12:20:51.912Z] WAIT: Yogesh Meena is already waiting in room 69f1f790e96770c9a140a751
[2026-04-29T12:20:58.227Z] SEARCH: Yogesh Meena (69f1cef4e005c4200e3a6d0b) looking for coding-battles
[2026-04-29T12:20:58.280Z] WAIT: Yogesh Meena is already waiting in room 69f1f790e96770c9a140a751
[2026-04-29T12:22:15.799Z] SEARCH: Yogesh Meena (69f1cef4e005c4200e3a6d0b) looking for coding-battles
[2026-04-29T12:22:15.896Z] WAIT: Yogesh Meena is already waiting in room 69f1f790e96770c9a140a751
[2026-04-29T12:22:25.805Z] SEARCH: Yogesh Meena (69f1cef4e005c4200e3a6d0b) looking for coding-battles
[2026-04-29T12:22:25.903Z] WAIT: Yogesh Meena is already waiting in room 69f1f790e96770c9a140a751
[2026-04-29T12:23:19.865Z] SEARCH: Yogesh Meena (69f1cef4e005c4200e3a6d0b) looking for coding-battles
[2026-04-29T12:23:19.933Z] WAIT: Yogesh Meena is already waiting in room 69f1f790e96770c9a140a751
[2026-04-29T12:23:28.628Z] SEARCH: john (69f1e70ac6280a2d20602272) looking for coding-battles
[2026-04-29T12:23:28.684Z] JOIN: john found room 69f1f790e96770c9a140a751 created by Yogesh Meena
[2026-04-29T12:23:28.746Z] SUCCESS: Room 69f1f790e96770c9a140a751 is now LIVE
[2026-04-30T05:19:32.362Z] SEARCH: Yogesh Meena (69f1cef4e005c4200e3a6d0b) looking for coding-battles
[2026-04-30T05:19:32.916Z] CREATE: Yogesh Meena creating new room for coding-battles
[2026-04-30T05:21:05.049Z] SEARCH: Yogesh Meena (69f1cef4e005c4200e3a6d0b) looking for coding-battles
[2026-04-30T05:21:05.129Z] WAIT: Yogesh Meena is already waiting in room 69f2e664b07a2747c2e2efb5
[2026-04-30T05:21:38.584Z] SEARCH: Yogesh Meena (69f1cef4e005c4200e3a6d0b) looking for coding-battles
[2026-04-30T05:21:38.665Z] WAIT: Yogesh Meena is already waiting in room 69f2e664b07a2747c2e2efb5
[2026-04-30T05:21:42.901Z] SEARCH: Yogesh Meena (69f1cef4e005c4200e3a6d0b) looking for coding-battles
[2026-04-30T05:21:42.950Z] WAIT: Yogesh Meena is already waiting in room 69f2e664b07a2747c2e2efb5
[2026-04-30T05:22:05.761Z] SEARCH: john (69f1e70ac6280a2d20602272) looking for coding-battles
[2026-04-30T05:22:05.803Z] JOIN: john found room 69f2e664b07a2747c2e2efb5 created by Yogesh Meena
[2026-04-30T05:22:05.846Z] SUCCESS: Room 69f2e664b07a2747c2e2efb5 is now LIVE
